#
# There is insufficient memory for the Java Runtime Environment to continue.
# Native memory allocation (mmap) failed to map 536870912 bytes for committing reserved memory.
# Possible reasons:
#   The system is out of physical RAM or swap space
#   The process is running with CompressedOops enabled, and the Java Heap may be blocking the growth of the native heap
# Possible solutions:
#   Reduce memory load on the system
#   Increase physical memory or swap space
#   Check if swap backing store is full
#   Decrease Java heap size (-Xmx/-Xms)
#   Decrease number of Java threads
#   Decrease Java thread stack sizes (-Xss)
#   Set larger code cache with -XX:ReservedCodeCacheSize=
# This output file may be truncated or incomplete.
#
#  Out of Memory Error (os_linux.cpp:2866), pid=6060, tid=6061
#
# JRE version:  (11.0.7+10) (build )
# Java VM: OpenJDK 64-Bit Server VM (11.0.7+10-post-Ubuntu-2ubuntu218.04, mixed mode, sharing, tiered, compressed oops, g1 gc, linux-amd64)
# Core dump will be written. Default location: Core dumps may be processed with "/usr/share/apport/apport %p %s %c %d %P %E" (or dumping to /home/bekturdi/IdeaProjects/internetMagazinkursishi/core.6060)
#

---------------  S U M M A R Y ------------

Command Line: -Dfile.encoding=UTF8 -Djline.terminal=none -Dsbt.log.noformat=true -Dsbt.global.base=/tmp/sbt-global-pluginstub -Xms512M -Xmx1024M -Xss1M -XX:+CMSClassUnloadingEnabled -XX:MaxPermSize=256M xsbt.boot.Boot project internetmagazinkursishi run

Host: Intel(R) Core(TM) i3-6006U CPU @ 2.00GHz, 4 cores, 3G, Ubuntu 18.04.4 LTS
Time: Sun May 10 17:33:40 2020 +05 elapsed time: 0 seconds (0d 0h 0m 0s)

---------------  T H R E A D  ---------------

Current thread (0x00007f1088016000):  JavaThread "Unknown thread" [_thread_in_vm, id=6061, stack(0x00007f10911bb000,0x00007f10912bc000)]

Stack: [0x00007f10911bb000,0x00007f10912bc000],  sp=0x00007f10912ba220,  free space=1020k
Native frames: (J=compiled Java code, A=aot compiled Java code, j=interpreted, Vv=VM code, C=native code)
V  [libjvm.so+0xdf8009]
V  [libjvm.so+0xdf8c9b]
V  [libjvm.so+0x6514e5]
V  [libjvm.so+0xbcfd48]
V  [libjvm.so+0xbc739d]
V  [libjvm.so+0x77034f]
V  [libjvm.so+0x7705be]
V  [libjvm.so+0x77c630]
V  [libjvm.so+0x7f8339]
V  [libjvm.so+0x7f8f92]
V  [libjvm.so+0x7f93f9]
V  [libjvm.so+0x72ea4f]
V  [libjvm.so+0x72f13d]
V  [libjvm.so+0xdb2512]
V  [libjvm.so+0xdb27a6]
V  [libjvm.so+0x81c067]
V  [libjvm.so+0xd8971f]
V  [libjvm.so+0x8d5871]  JNI_CreateJavaVM+0x51
C  [libjli.so+0x4a66]
C  [libjli.so+0x92cd]


---------------  P R O C E S S  ---------------

Threads class SMR info:
_java_thread_list=0x0000564b0906b280, length=0, elements={
}

Java Threads: ( => current thread )

Other Threads:
  0x00007f108802f000 GCTaskThread "GC Thread#0" [stack: 0x00007f108d19f000,0x00007f108d29f000] [id=6062]
  0x00007f108804a800 ConcurrentGCThread "G1 Main Marker" [stack: 0x00007f108c699000,0x00007f108c799000] [id=6063]
  0x00007f108804c800 ConcurrentGCThread "G1 Conc#0" [stack: 0x00007f108c597000,0x00007f108c697000] [id=6064]

[error occurred during error reporting (printing all threads), id 0xb, SIGSEGV (0xb) at pc=0x00007f108f78dd90]

VM state:not at safepoint (not fully initialized)

VM Mutex/Monitor currently owned by a thread:  ([mutex/lock_event])
[0x00007f1088012bf0] Heap_lock - owner thread: 0x00007f1088016000

Heap address: 0x00000000c0000000, size: 1024 MB, Compressed Oops mode: Non-zero based: 0x00000000c0000000
Narrow klass base: 0x0000000000000000, Narrow klass shift: 0

GC Heap History (0 events):
No events

Deoptimization events (0 events):
No events

Classes redefined (0 events):
No events

Internal exceptions (0 events):
No events

Events (3 events):
Event: 0.007 Protecting memory [0x00007f10911bb000,0x00007f10911bf000] with protection modes 0
Event: 0.008 Loaded shared library /usr/lib/jvm/java-11-openjdk-amd64/lib/libzip.so
Event: 0.009 Loaded shared library /usr/lib/jvm/java-11-openjdk-amd64/lib/libjimage.so


Dynamic libraries:
e0000000-100000000 ---p 00000000 00:00 0 
564b07546000-564b07547000 r-xp 00000000 08:05 3411777                    /usr/lib/jvm/java-11-openjdk-amd64/bin/java
564b07747000-564b07748000 r--p 00001000 08:05 3411777                    /usr/lib/jvm/java-11-openjdk-amd64/bin/java
564b07748000-564b07749000 rw-p 00002000 08:05 3411777                    /usr/lib/jvm/java-11-openjdk-amd64/bin/java
564b09053000-564b09074000 rw-p 00000000 00:00 0                          [heap]
7f105c000000-7f105c021000 rw-p 00000000 00:00 0 
7f105c021000-7f1060000000 ---p 00000000 00:00 0 
7f1064000000-7f1064021000 rw-p 00000000 00:00 0 
7f1064021000-7f1068000000 ---p 00000000 00:00 0 
7f1068000000-7f106a000000 rw-p 00000000 00:00 0 
7f106a000000-7f106c000000 ---p 00000000 00:00 0 
7f106c000000-7f106c021000 rw-p 00000000 00:00 0 
7f106c021000-7f1070000000 ---p 00000000 00:00 0 
7f107090d000-7f1070b7d000 rwxp 00000000 00:00 0 
7f1070b7d000-7f1070e9d000 ---p 00000000 00:00 0 
7f1070e9d000-7f107110d000 rwxp 00000000 00:00 0 
7f107110d000-7f10783d5000 ---p 00000000 00:00 0 
7f10783d5000-7f1078645000 rwxp 00000000 00:00 0 
7f1078645000-7f107f90d000 ---p 00000000 00:00 0 
7f107f90d000-7f1088000000 r--s 00000000 08:05 3424208                    /usr/lib/jvm/java-11-openjdk-amd64/lib/modules
7f1088000000-7f1088067000 rw-p 00000000 00:00 0 
7f1088067000-7f108c000000 ---p 00000000 00:00 0 
7f108c191000-7f108c595000 rw-p 00000000 00:00 0 
7f108c595000-7f108c596000 ---p 00000000 00:00 0 
7f108c596000-7f108c697000 rw-p 00000000 00:00 0 
7f108c697000-7f108c698000 ---p 00000000 00:00 0 
7f108c698000-7f108c799000 rw-p 00000000 00:00 0 
7f108c799000-7f108cd99000 ---p 00000000 00:00 0 
7f108cd99000-7f108d19d000 rw-p 00000000 00:00 0 
7f108d19d000-7f108d19e000 ---p 00000000 00:00 0 
7f108d19e000-7f108d2a4000 rw-p 00000000 00:00 0 
7f108d2a4000-7f108d38a000 ---p 00000000 00:00 0 
7f108d38a000-7f108d38f000 rw-p 00000000 00:00 0 
7f108d38f000-7f108d475000 ---p 00000000 00:00 0 
7f108d475000-7f108d47a000 r-xp 00000000 08:05 3424190                    /usr/lib/jvm/java-11-openjdk-amd64/lib/libjimage.so
7f108d47a000-7f108d679000 ---p 00005000 08:05 3424190                    /usr/lib/jvm/java-11-openjdk-amd64/lib/libjimage.so
7f108d679000-7f108d67a000 r--p 00004000 08:05 3424190                    /usr/lib/jvm/java-11-openjdk-amd64/lib/libjimage.so
7f108d67a000-7f108d67b000 rw-p 00005000 08:05 3424190                    /usr/lib/jvm/java-11-openjdk-amd64/lib/libjimage.so
7f108d67b000-7f108d682000 r-xp 00000000 08:05 3424207                    /usr/lib/jvm/java-11-openjdk-amd64/lib/libzip.so
7f108d682000-7f108d881000 ---p 00007000 08:05 3424207                    /usr/lib/jvm/java-11-openjdk-amd64/lib/libzip.so
7f108d881000-7f108d882000 r--p 00006000 08:05 3424207                    /usr/lib/jvm/java-11-openjdk-amd64/lib/libzip.so
7f108d882000-7f108d883000 rw-p 00007000 08:05 3424207                    /usr/lib/jvm/java-11-openjdk-amd64/lib/libzip.so
7f108d883000-7f108d88e000 r-xp 00000000 08:05 3151062                    /lib/x86_64-linux-gnu/libnss_files-2.27.so
7f108d88e000-7f108da8d000 ---p 0000b000 08:05 3151062                    /lib/x86_64-linux-gnu/libnss_files-2.27.so
7f108da8d000-7f108da8e000 r--p 0000a000 08:05 3151062                    /lib/x86_64-linux-gnu/libnss_files-2.27.so
7f108da8e000-7f108da8f000 rw-p 0000b000 08:05 3151062                    /lib/x86_64-linux-gnu/libnss_files-2.27.so
7f108da8f000-7f108da95000 rw-p 00000000 00:00 0 
7f108da95000-7f108daac000 r-xp 00000000 08:05 3151056                    /lib/x86_64-linux-gnu/libnsl-2.27.so
7f108daac000-7f108dcab000 ---p 00017000 08:05 3151056                    /lib/x86_64-linux-gnu/libnsl-2.27.so
7f108dcab000-7f108dcac000 r--p 00016000 08:05 3151056                    /lib/x86_64-linux-gnu/libnsl-2.27.so
7f108dcac000-7f108dcad000 rw-p 00017000 08:05 3151056                    /lib/x86_64-linux-gnu/libnsl-2.27.so
7f108dcad000-7f108dcaf000 rw-p 00000000 00:00 0 
7f108dcaf000-7f108dcba000 r-xp 00000000 08:05 3151073                    /lib/x86_64-linux-gnu/libnss_nis-2.27.so
7f108dcba000-7f108deb9000 ---p 0000b000 08:05 3151073                    /lib/x86_64-linux-gnu/libnss_nis-2.27.so
7f108deb9000-7f108deba000 r--p 0000a000 08:05 3151073                    /lib/x86_64-linux-gnu/libnss_nis-2.27.so
7f108deba000-7f108debb000 rw-p 0000b000 08:05 3151073                    /lib/x86_64-linux-gnu/libnss_nis-2.27.so
7f108debb000-7f108dec3000 r-xp 00000000 08:05 3151058                    /lib/x86_64-linux-gnu/libnss_compat-2.27.so
7f108dec3000-7f108e0c3000 ---p 00008000 08:05 3151058                    /lib/x86_64-linux-gnu/libnss_compat-2.27.so
7f108e0c3000-7f108e0c4000 r--p 00008000 08:05 3151058                    /lib/x86_64-linux-gnu/libnss_compat-2.27.so
7f108e0c4000-7f108e0c5000 rw-p 00009000 08:05 3151058                    /lib/x86_64-linux-gnu/libnss_compat-2.27.so
7f108e0c5000-7f108e0ee000 r-xp 00000000 08:05 3424186                    /usr/lib/jvm/java-11-openjdk-amd64/lib/libjava.so
7f108e0ee000-7f108e2ed000 ---p 00029000 08:05 3424186                    /usr/lib/jvm/java-11-openjdk-amd64/lib/libjava.so
7f108e2ed000-7f108e2ee000 r--p 00028000 08:05 3424186                    /usr/lib/jvm/java-11-openjdk-amd64/lib/libjava.so
7f108e2ee000-7f108e2f0000 rw-p 00029000 08:05 3424186                    /usr/lib/jvm/java-11-openjdk-amd64/lib/libjava.so
7f108e2f0000-7f108e2fd000 r-xp 00000000 08:05 3424206                    /usr/lib/jvm/java-11-openjdk-amd64/lib/libverify.so
7f108e2fd000-7f108e4fc000 ---p 0000d000 08:05 3424206                    /usr/lib/jvm/java-11-openjdk-amd64/lib/libverify.so
7f108e4fc000-7f108e4fe000 r--p 0000c000 08:05 3424206                    /usr/lib/jvm/java-11-openjdk-amd64/lib/libverify.so
7f108e4fe000-7f108e4ff000 rw-p 0000e000 08:05 3424206                    /usr/lib/jvm/java-11-openjdk-amd64/lib/libverify.so
7f108e4ff000-7f108e506000 r-xp 00000000 08:05 3151113                    /lib/x86_64-linux-gnu/librt-2.27.so
7f108e506000-7f108e705000 ---p 00007000 08:05 3151113                    /lib/x86_64-linux-gnu/librt-2.27.so
7f108e705000-7f108e706000 r--p 00006000 08:05 3151113                    /lib/x86_64-linux-gnu/librt-2.27.so
7f108e706000-7f108e707000 rw-p 00007000 08:05 3151113                    /lib/x86_64-linux-gnu/librt-2.27.so
7f108e707000-7f108e71e000 r-xp 00000000 08:05 3145779                    /lib/x86_64-linux-gnu/libgcc_s.so.1
7f108e71e000-7f108e91d000 ---p 00017000 08:05 3145779                    /lib/x86_64-linux-gnu/libgcc_s.so.1
7f108e91d000-7f108e91e000 r--p 00016000 08:05 3145779                    /lib/x86_64-linux-gnu/libgcc_s.so.1
7f108e91e000-7f108e91f000 rw-p 00017000 08:05 3145779                    /lib/x86_64-linux-gnu/libgcc_s.so.1
7f108e91f000-7f108eabc000 r-xp 00000000 08:05 3151035                    /lib/x86_64-linux-gnu/libm-2.27.so
7f108eabc000-7f108ecbb000 ---p 0019d000 08:05 3151035                    /lib/x86_64-linux-gnu/libm-2.27.so
7f108ecbb000-7f108ecbc000 r--p 0019c000 08:05 3151035                    /lib/x86_64-linux-gnu/libm-2.27.so
7f108ecbc000-7f108ecbd000 rw-p 0019d000 08:05 3151035                    /lib/x86_64-linux-gnu/libm-2.27.so
7f108ecbd000-7f108ee36000 r-xp 00000000 08:05 3414540                    /usr/lib/x86_64-linux-gnu/libstdc++.so.6.0.25
7f108ee36000-7f108f036000 ---p 00179000 08:05 3414540                    /usr/lib/x86_64-linux-gnu/libstdc++.so.6.0.25
7f108f036000-7f108f040000 r--p 00179000 08:05 3414540                    /usr/lib/x86_64-linux-gnu/libstdc++.so.6.0.25
7f108f040000-7f108f042000 rw-p 00183000 08:05 3414540                    /usr/lib/x86_64-linux-gnu/libstdc++.so.6.0.25
7f108f042000-7f108f046000 rw-p 00000000 00:00 0 
7f108f046000-7f1090123000 r-xp 00000000 08:05 3424211                    /usr/lib/jvm/java-11-openjdk-amd64/lib/server/libjvm.so
7f1090123000-7f1090322000 ---p 010dd000 08:05 3424211                    /usr/lib/jvm/java-11-openjdk-amd64/lib/server/libjvm.so
7f1090322000-7f10903df000 r--p 010dc000 08:05 3424211                    /usr/lib/jvm/java-11-openjdk-amd64/lib/server/libjvm.so
7f10903df000-7f1090419000 rw-p 01199000 08:05 3424211                    /usr/lib/jvm/java-11-openjdk-amd64/lib/server/libjvm.so
7f1090419000-7f109046f000 rw-p 00000000 00:00 0 
7f109046f000-7f1090489000 r-xp 00000000 08:05 3151105                    /lib/x86_64-linux-gnu/libpthread-2.27.so
7f1090489000-7f1090688000 ---p 0001a000 08:05 3151105                    /lib/x86_64-linux-gnu/libpthread-2.27.so
7f1090688000-7f1090689000 r--p 00019000 08:05 3151105                    /lib/x86_64-linux-gnu/libpthread-2.27.so
7f1090689000-7f109068a000 rw-p 0001a000 08:05 3151105                    /lib/x86_64-linux-gnu/libpthread-2.27.so
7f109068a000-7f109068e000 rw-p 00000000 00:00 0 
7f109068e000-7f1090691000 r-xp 00000000 08:05 3150995                    /lib/x86_64-linux-gnu/libdl-2.27.so
7f1090691000-7f1090890000 ---p 00003000 08:05 3150995                    /lib/x86_64-linux-gnu/libdl-2.27.so
7f1090890000-7f1090891000 r--p 00002000 08:05 3150995                    /lib/x86_64-linux-gnu/libdl-2.27.so
7f1090891000-7f1090892000 rw-p 00003000 08:05 3150995                    /lib/x86_64-linux-gnu/libdl-2.27.so
7f1090892000-7f10908ae000 r-xp 00000000 08:05 3151144                    /lib/x86_64-linux-gnu/libz.so.1.2.11
7f10908ae000-7f1090aad000 ---p 0001c000 08:05 3151144                    /lib/x86_64-linux-gnu/libz.so.1.2.11
7f1090aad000-7f1090aae000 r--p 0001b000 08:05 3151144                    /lib/x86_64-linux-gnu/libz.so.1.2.11
7f1090aae000-7f1090aaf000 rw-p 0001c000 08:05 3151144                    /lib/x86_64-linux-gnu/libz.so.1.2.11
7f1090aaf000-7f1090c96000 r-xp 00000000 08:05 3150972                    /lib/x86_64-linux-gnu/libc-2.27.so
7f1090c96000-7f1090e96000 ---p 001e7000 08:05 3150972                    /lib/x86_64-linux-gnu/libc-2.27.so
7f1090e96000-7f1090e9a000 r--p 001e7000 08:05 3150972                    /lib/x86_64-linux-gnu/libc-2.27.so
7f1090e9a000-7f1090e9c000 rw-p 001eb000 08:05 3150972                    /lib/x86_64-linux-gnu/libc-2.27.so
7f1090e9c000-7f1090ea0000 rw-p 00000000 00:00 0 
7f1090ea0000-7f1090eb0000 r-xp 00000000 08:05 3424170                    /usr/lib/jvm/java-11-openjdk-amd64/lib/jli/libjli.so
7f1090eb0000-7f10910af000 ---p 00010000 08:05 3424170                    /usr/lib/jvm/java-11-openjdk-amd64/lib/jli/libjli.so
7f10910af000-7f10910b0000 r--p 0000f000 08:05 3424170                    /usr/lib/jvm/java-11-openjdk-amd64/lib/jli/libjli.so
7f10910b0000-7f10910b1000 rw-p 00010000 08:05 3424170                    /usr/lib/jvm/java-11-openjdk-amd64/lib/jli/libjli.so
7f10910b1000-7f10910d8000 r-xp 00000000 08:05 3150944                    /lib/x86_64-linux-gnu/ld-2.27.so
7f1091198000-7f10911bb000 rw-p 00000000 00:00 0 
7f10911bb000-7f10911bf000 ---p 00000000 00:00 0 
7f10911bf000-7f10912c3000 rw-p 00000000 00:00 0 
7f10912c3000-7f10912ca000 ---p 00000000 00:00 0 
7f10912ca000-7f10912cc000 r--s 00007000 08:05 3807175                    /usr/share/java/java-atk-wrapper.jar
7f10912cc000-7f10912d4000 rw-s 00000000 08:05 1715804                    /tmp/hsperfdata_bekturdi/6060
7f10912d4000-7f10912d5000 ---p 00000000 00:00 0 
7f10912d5000-7f10912d6000 r--p 00000000 00:00 0 
7f10912d6000-7f10912d8000 rw-p 00000000 00:00 0 
7f10912d8000-7f10912d9000 r--p 00027000 08:05 3150944                    /lib/x86_64-linux-gnu/ld-2.27.so
7f10912d9000-7f10912da000 rw-p 00028000 08:05 3150944                    /lib/x86_64-linux-gnu/ld-2.27.so
7f10912da000-7f10912db000 rw-p 00000000 00:00 0 
7fff5cef6000-7fff5cf17000 rw-p 00000000 00:00 0                          [stack]
7fff5cfa4000-7fff5cfa7000 r--p 00000000 00:00 0                          [vvar]
7fff5cfa7000-7fff5cfa9000 r-xp 00000000 00:00 0                          [vdso]
ffffffffff600000-ffffffffff601000 r-xp 00000000 00:00 0                  [vsyscall]


VM Arguments:
jvm_args: -Dfile.encoding=UTF8 -Djline.terminal=none -Dsbt.log.noformat=true -Dsbt.global.base=/tmp/sbt-global-pluginstub -Xms512M -Xmx1024M -Xss1M -XX:+CMSClassUnloadingEnabled -XX:MaxPermSize=256M 
java_command: xsbt.boot.Boot project internetmagazinkursishi run
java_class_path (initial): /home/bekturdi/.local/share/JetBrains/IntelliJIdea2020.1/Scala/launcher/sbt-launch.jar
Launcher Type: SUN_STANDARD

[Global flags]
     intx CICompilerCount                          = 3                                         {product} {ergonomic}
     bool CMSClassUnloadingEnabled                 = true                                      {product} {command line}
     uint ConcGCThreads                            = 1                                         {product} {ergonomic}
     uint G1ConcRefinementThreads                  = 4                                         {product} {ergonomic}
   size_t G1HeapRegionSize                         = 1048576                                   {product} {ergonomic}
    uintx GCDrainStackTargetSize                   = 64                                        {product} {ergonomic}
   size_t InitialHeapSize                          = 536870912                                 {product} {command line}
   size_t MarkStackSize                            = 4194304                                   {product} {ergonomic}
   size_t MaxHeapSize                              = 1073741824                                {product} {command line}
   size_t MinHeapDeltaBytes                        = 1048576                                   {product} {ergonomic}
    uintx NonNMethodCodeHeapSize                   = 5830732                                {pd product} {ergonomic}
    uintx NonProfiledCodeHeapSize                  = 122913754                              {pd product} {ergonomic}
    uintx ProfiledCodeHeapSize                     = 122913754                              {pd product} {ergonomic}
    uintx ReservedCodeCacheSize                    = 251658240                              {pd product} {ergonomic}
     bool SegmentedCodeCache                       = true                                      {product} {ergonomic}
     intx ThreadStackSize                          = 1024                                   {pd product} {command line}
     bool UseCompressedClassPointers               = true                                 {lp64_product} {ergonomic}
     bool UseCompressedOops                        = true                                 {lp64_product} {ergonomic}
     bool UseG1GC                                  = true                                      {product} {ergonomic}

Logging:
Log output configuration:
 #0: stdout all=warning uptime,level,tags
 #1: stderr all=off uptime,level,tags

Environment Variables:
PATH=/usr/local/sbin:/usr/local/bin:/usr/sbin:/usr/bin:/sbin:/bin:/usr/games:/usr/local/games:/snap/bin
USERNAME=bekturdi
SHELL=/bin/bash
DISPLAY=:0

Signal Handlers:
SIGSEGV: [libjvm.so+0xdf8d00], sa_mask[0]=11111111011111111101111111111110, sa_flags=SA_RESTART|SA_SIGINFO
SIGBUS: [libjvm.so+0xdf8d00], sa_mask[0]=11111111011111111101111111111110, sa_flags=SA_RESTART|SA_SIGINFO
SIGFPE: [libjvm.so+0xdf8d00], sa_mask[0]=11111111011111111101111111111110, sa_flags=SA_RESTART|SA_SIGINFO
SIGPIPE: [libjvm.so+0xbcbc30], sa_mask[0]=11111111011111111101111111111110, sa_flags=SA_RESTART|SA_SIGINFO
SIGXFSZ: [libjvm.so+0xbcbc30], sa_mask[0]=11111111011111111101111111111110, sa_flags=SA_RESTART|SA_SIGINFO
SIGILL: [libjvm.so+0xdf8d00], sa_mask[0]=11111111011111111101111111111110, sa_flags=SA_RESTART|SA_SIGINFO
SIGUSR2: [libjvm.so+0xbcbad0], sa_mask[0]=00100000000000000000000000000000, sa_flags=SA_RESTART|SA_SIGINFO
SIGHUP: SIG_DFL, sa_mask[0]=00000000000000000000000000000000, sa_flags=none
SIGINT: SIG_DFL, sa_mask[0]=00000000000000000000000000000000, sa_flags=none
SIGTERM: SIG_DFL, sa_mask[0]=00000000000000000000000000000000, sa_flags=none
SIGQUIT: SIG_DFL, sa_mask[0]=00000000000000000000000000000000, sa_flags=none


---------------  S Y S T E M  ---------------

OS:DISTRIB_ID=Ubuntu
DISTRIB_RELEASE=18.04
DISTRIB_CODENAME=bionic
DISTRIB_DESCRIPTION="Ubuntu 18.04.4 LTS"
uname:Linux 4.15.0-99-generic #100-Ubuntu SMP Wed Apr 22 20:32:56 UTC 2020 x86_64
OS uptime: 0 days 1:07 hours
libc:glibc 2.27 NPTL 2.27 
rlimit: STACK 8192k, CORE 0k, NPROC 15078, NOFILE 1048576, AS infinity, CPU infinity, DATA infinity, FSIZE infinity
load average:3.65 3.20 3.25

/proc/meminfo:
MemTotal:        3904912 kB
MemFree:          108644 kB
MemAvailable:     134024 kB
Buffers:           12028 kB
Cached:           817788 kB
SwapCached:        37000 kB
Active:          2843084 kB
Inactive:         639868 kB
Active(anon):    2741160 kB
Inactive(anon):   535112 kB
Active(file):     101924 kB
Inactive(file):   104756 kB
Unevictable:          64 kB
Mlocked:              64 kB
SwapTotal:       2097148 kB
SwapFree:         180768 kB
Dirty:             14692 kB
Writeback:           276 kB
AnonPages:       2617312 kB
Mapped:           679940 kB
Shmem:            623076 kB
Slab:             128960 kB
SReclaimable:      52640 kB
SUnreclaim:        76320 kB
KernelStack:       18552 kB
PageTables:        91512 kB
NFS_Unstable:          0 kB
Bounce:                0 kB
WritebackTmp:          0 kB
CommitLimit:     4049604 kB
Committed_AS:   15579124 kB
VmallocTotal:   34359738367 kB
VmallocUsed:           0 kB
VmallocChunk:          0 kB
HardwareCorrupted:     0 kB
AnonHugePages:         0 kB
ShmemHugePages:        0 kB
ShmemPmdMapped:        0 kB
CmaTotal:              0 kB
CmaFree:               0 kB
HugePages_Total:       0
HugePages_Free:        0
HugePages_Rsvd:        0
HugePages_Surp:        0
Hugepagesize:       2048 kB
DirectMap4k:      279156 kB
DirectMap2M:     3780608 kB
DirectMap1G:           0 kB


/proc/sys/kernel/threads-max (system-wide limit on the number of threads):
30156


/proc/sys/vm/max_map_count (maximum number of memory map areas a process may have):
65530


/proc/sys/kernel/pid_max (system-wide limit on number of process identifiers):
32768



container (cgroup) information:
container_type: cgroupv1
cpu_cpuset_cpus: 0-3
cpu_memory_nodes: 0
active_processor_count: 4
cpu_quota: -1
cpu_period: 100000
cpu_shares: -1
memory_limit_in_bytes: -1
memory_and_swap_limit_in_bytes: -2
memory_soft_limit_in_bytes: -1
memory_usage_in_bytes: 3536728064
memory_max_usage_in_bytes: 0

Steal ticks since vm start: 0
Steal ticks percentage since vm start:  0.000

CPU:total 4 (initial active 4) (2 cores per cpu, 2 threads per core) family 6 model 78 stepping 3, cmov, cx8, fxsr, mmx, sse, sse2, sse3, ssse3, sse4.1, sse4.2, popcnt, avx, avx2, aes, clmul, erms, 3dnowpref, lzcnt, ht, tsc, tscinvbit, bmi1, bmi2, adx, fma
CPU Model and flags from /proc/cpuinfo:
model name	: Intel(R) Core(TM) i3-6006U CPU @ 2.00GHz
flags		: fpu vme de pse tsc msr pae mce cx8 apic sep mtrr pge mca cmov pat pse36 clflush dts acpi mmx fxsr sse sse2 ss ht tm pbe syscall nx pdpe1gb rdtscp lm constant_tsc art arch_perfmon pebs bts rep_good nopl xtopology nonstop_tsc cpuid aperfmperf tsc_known_freq pni pclmulqdq dtes64 monitor ds_cpl vmx est tm2 ssse3 sdbg fma cx16 xtpr pdcm pcid sse4_1 sse4_2 x2apic movbe popcnt tsc_deadline_timer aes xsave avx f16c rdrand lahf_lm abm 3dnowprefetch cpuid_fault epb invpcid_single pti ssbd ibrs ibpb stibp tpr_shadow vnmi flexpriority ept vpid fsgsbase tsc_adjust bmi1 avx2 smep bmi2 erms invpcid mpx rdseed adx smap clflushopt intel_pt xsaveopt xsavec xgetbv1 xsaves dtherm arat pln pts hwp hwp_notify hwp_act_window hwp_epp md_clear flush_l1d

Memory: 4k page, physical 3904912k(108644k free), swap 2097148k(180768k free)

vm_info: OpenJDK 64-Bit Server VM (11.0.7+10-post-Ubuntu-2ubuntu218.04) for linux-amd64 JRE (11.0.7+10-post-Ubuntu-2ubuntu218.04), built on Apr 15 2020 21:12:54 by "unknown" with gcc 7.5.0

END.
